#
# An unexpected error has been detected by Java Runtime Environment:
#
#  Internal Error (0xe06d7363), pid=2136, tid=1744
#
# Java VM: Java HotSpot(TM) Client VM (11.2-b01 mixed mode windows-x86)
# Problematic frame:
# C  [kernel32.dll+0x12fd3]
#
# If you would like to submit a bug report, please visit:
#   http://java.sun.com/webapps/bugreport/crash.jsp
# The crash happened outside the Java Virtual Machine in native code.
# See problematic frame for where to report the bug.
#

---------------  T H R E A D  ---------------

Current thread (0x04e3e000):  JavaThread "main" [_thread_in_native, id=1744, stack(0x00440000,0x00c40000)]

siginfo: ExceptionCode=0xe06d7363, ExceptionInformation=0x19930520 0x00c3a470 0x7bbf6510 

Registers:
EAX=0x00c34388, EBX=0x00000000, ECX=0x00000000, EDX=0x00000001
ESP=0x00c34384, EBP=0x00c343d8, ESI=0x00c34410, EDI=0x79c48b6c
EIP=0x7c812fd3, EFLAGS=0x00000206

Top of Stack: (sp=0x00c34384)
0x00c34384:   00c3a42c e06d7363 00000001 00000000
0x00c34394:   7c812fd3 00000003 19930520 00c3a470
0x00c343a4:   7bbf6510 19c8f9a8 0000002f 19c8f938
0x00c343b4:   00000025 00c343dc 7c42394d 19c8f9a8
0x00c343c4:   0000002f 7c423958 00000025 00c3a454
0x00c343d4:   00c3a498 00c34410 78158e89 e06d7363
0x00c343e4:   00000001 00000003 00c34404 e06d7363
0x00c343f4:   00000001 00000000 00000000 00000003 

Instructions: (pc=0x7c812fd3)
0x7c812fc3:   8d 7d c4 f3 a5 5f 8d 45 b0 50 ff 15 10 15 80 7c
0x7c812fd3:   5e c9 c2 10 00 85 ff 0f 8e 5e 8e ff ff 8b 55 fc 


Stack: [0x00440000,0x00c40000],  sp=0x00c34384,  free space=8144k
Native frames: (J=compiled Java code, j=interpreted, Vv=VM code, C=native code)
C  [kernel32.dll+0x12fd3]
C  [MSVCR80.dll+0x28e89]
C  [libmx.dll+0x1523f]
C  [libmx.dll+0x16058]
C  [jmi.dll+0x5b4c]
C  [jmi.dll+0x5bcc]
C  [jmi.dll+0x6758]
C  0x7b702133
C  0x7b7020c3
C  0x7b702217
C  [libmwservices.dll+0xc8590]
C  [nativejmi.dll+0xe507]
C  [nativejmi.dll+0x7b7a]
C  [nativejmi.dll+0x7c4f]
C  [nativejmi.dll+0xb944]
C  [nativejmi.dll+0xae76]
C  [mlutil.dll+0x132df]
C  [mlutil.dll+0x1b18d]
C  [nativejmi.dll+0xb9da]
j  com.mathworks.jmi.NativeMatlab.PostMatlabMessage(Ljava/lang/Object;J)V+0
j  com.mathworks.jmi.NativeMatlab.postMatlabMessage(Ljava/lang/Object;J)V+3
j  com.mathworks.jmi.NativeMatlab.postMatlabMessage(Ljava/lang/Object;)V+6
j  com.mathworks.jmi.MatlabLooper.postMatlabMessage(Lcom/mathworks/services/message/MWMessage;Lcom/mathworks/services/message/MWHandler;)V+30
j  com.mathworks.jmi.MatlabMCR.postAsync(Lcom/mathworks/services/message/MWMessage;Lcom/mathworks/jmi/CompletionObserver;Lcom/mathworks/jmi/MatlabListener;)V+34
j  com.mathworks.jmi.MatlabMCR.stderrString(Ljava/lang/String;)V+42
j  com.mathworks.jmi.MatlabErrStream.flush()V+19
j  java.io.PrintStream.write([BII)V+30
j  sun.nio.cs.StreamEncoder.writeBytes()V+120
j  sun.nio.cs.StreamEncoder.implFlushBuffer()V+11
j  sun.nio.cs.StreamEncoder.flushBuffer()V+15
j  java.io.OutputStreamWriter.flushBuffer()V+4
j  java.io.PrintStream.write(Ljava/lang/String;)V+27
j  java.io.PrintStream.print(Ljava/lang/String;)V+9
j  java.io.PrintStream.println(Ljava/lang/Object;)V+11
j  java.lang.Throwable.printStackTrace(Ljava/io/PrintStream;)V+6
j  java.lang.Throwable.printStackTrace()V+4
v  ~StubRoutines::call_stub

Java frames: (J=compiled Java code, j=interpreted, Vv=VM code)
j  com.mathworks.jmi.NativeMatlab.PostMatlabMessage(Ljava/lang/Object;J)V+0
j  com.mathworks.jmi.NativeMatlab.postMatlabMessage(Ljava/lang/Object;J)V+3
j  com.mathworks.jmi.NativeMatlab.postMatlabMessage(Ljava/lang/Object;)V+6
j  com.mathworks.jmi.MatlabLooper.postMatlabMessage(Lcom/mathworks/services/message/MWMessage;Lcom/mathworks/services/message/MWHandler;)V+30
j  com.mathworks.jmi.MatlabMCR.postAsync(Lcom/mathworks/services/message/MWMessage;Lcom/mathworks/jmi/CompletionObserver;Lcom/mathworks/jmi/MatlabListener;)V+34
j  com.mathworks.jmi.MatlabMCR.stderrString(Ljava/lang/String;)V+42
j  com.mathworks.jmi.MatlabErrStream.flush()V+19
j  java.io.PrintStream.write([BII)V+30
j  sun.nio.cs.StreamEncoder.writeBytes()V+120
j  sun.nio.cs.StreamEncoder.implFlushBuffer()V+11
j  sun.nio.cs.StreamEncoder.flushBuffer()V+15
j  java.io.OutputStreamWriter.flushBuffer()V+4
j  java.io.PrintStream.write(Ljava/lang/String;)V+27
j  java.io.PrintStream.print(Ljava/lang/String;)V+9
j  java.io.PrintStream.println(Ljava/lang/Object;)V+11
j  java.lang.Throwable.printStackTrace(Ljava/io/PrintStream;)V+6
j  java.lang.Throwable.printStackTrace()V+4
v  ~StubRoutines::call_stub
j  com.mathworks.jmi.NativeMatlab.PostMatlabMessage(Ljava/lang/Object;J)V+0
j  com.mathworks.jmi.NativeMatlab.postMatlabMessage(Ljava/lang/Object;J)V+3
j  com.mathworks.jmi.NativeMatlab.postMatlabMessage(Ljava/lang/Object;)V+6
j  com.mathworks.jmi.MatlabLooper.postMatlabMessage(Lcom/mathworks/services/message/MWMessage;Lcom/mathworks/services/message/MWHandler;)V+30
j  com.mathworks.jmi.MatlabMCR.postAsync(Lcom/mathworks/services/message/MWMessage;Lcom/mathworks/jmi/CompletionObserver;Lcom/mathworks/jmi/MatlabListener;)V+34
j  com.mathworks.jmi.MatlabMCR.stderrString(Ljava/lang/String;)V+42
j  com.mathworks.jmi.MatlabErrStream.flush()V+19
j  java.io.PrintStream.write([BII)V+30
j  sun.nio.cs.StreamEncoder.writeBytes()V+120
j  sun.nio.cs.StreamEncoder.implFlushBuffer()V+11
j  sun.nio.cs.StreamEncoder.flushBuffer()V+15
j  java.io.OutputStreamWriter.flushBuffer()V+4
j  java.io.PrintStream.write(Ljava/lang/String;)V+27
j  java.io.PrintStream.print(Ljava/lang/String;)V+9
j  java.io.PrintStream.println(Ljava/lang/Object;)V+11
j  java.lang.Throwable.printStackTrace(Ljava/io/PrintStream;)V+6
j  java.lang.Throwable.printStackTrace()V+4
v  ~StubRoutines::call_stub

---------------  P R O C E S S  ---------------

Java Threads: ( => current thread )
  0x153a4800 JavaThread "AWT-EventQueue-0" [_thread_blocked, id=5752, stack(0x16bd0000,0x16c50000)]
  0x157c2000 JavaThread "AWT-EventQueue-0" [_thread_blocked, id=5424, stack(0x16b50000,0x16bd0000)]
  0x157c1000 JavaThread "AWT-EventQueue-0" [_thread_blocked, id=5756, stack(0x16ad0000,0x16b50000)]
  0x157c0800 JavaThread "AWT-EventQueue-0" [_thread_blocked, id=5624, stack(0x16a50000,0x16ad0000)]
  0x157c0000 JavaThread "AWT-EventQueue-0" [_thread_blocked, id=5800, stack(0x161c0000,0x16240000)]
  0x15db2800 JavaThread "AWT-EventQueue-0" [_thread_blocked, id=5508, stack(0x15f40000,0x15fc0000)]
  0x15ba1800 JavaThread "Prefs Updater" daemon [_thread_blocked, id=4108, stack(0x187d0000,0x18850000)]
  0x158c0000 JavaThread "Thread-29" [_thread_blocked, id=460, stack(0x18650000,0x186d0000)]
  0x158a6400 JavaThread "Thread-28" [_thread_blocked, id=2524, stack(0x185d0000,0x18650000)]
  0x15c01400 JavaThread "Thread-27" [_thread_blocked, id=3208, stack(0x18550000,0x185d0000)]
  0x157da800 JavaThread "Thread-26" [_thread_blocked, id=3880, stack(0x184d0000,0x18550000)]
  0x0506f800 JavaThread "Thread-25" [_thread_blocked, id=528, stack(0x18450000,0x184d0000)]
  0x158f8c00 JavaThread "Thread-24" [_thread_blocked, id=2660, stack(0x183d0000,0x18450000)]
  0x15a79000 JavaThread "Thread-23" [_thread_blocked, id=2184, stack(0x16140000,0x161c0000)]
  0x157cf800 JavaThread "Active Reference Queue Daemon" daemon [_thread_blocked, id=2304, stack(0x16040000,0x160c0000)]
  0x15b0c800 JavaThread "Timer-16" daemon [_thread_blocked, id=2564, stack(0x15450000,0x154d0000)]
  0x15a65800 JavaThread "FelixPackageAdmin" daemon [_thread_blocked, id=2216, stack(0x17650000,0x176d0000)]
  0x158fe400 JavaThread "FelixStartLevel" daemon [_thread_blocked, id=2668, stack(0x175d0000,0x17650000)]
  0x1593c800 JavaThread "FelixDispatchQueue" [_thread_blocked, id=2712, stack(0x17550000,0x175d0000)]
  0x15912400 JavaThread "Timer-15" daemon [_thread_blocked, id=2108, stack(0x17450000,0x174d0000)]
  0x15425800 JavaThread "TimerQueue" daemon [_thread_blocked, id=2116, stack(0x15fc0000,0x16040000)]
  0x15834400 JavaThread "AWT-Shutdown" [_thread_blocked, id=3288, stack(0x156c0000,0x15740000)]
  0x14cdc400 JavaThread "Timer-0" [_thread_blocked, id=2128, stack(0x14fd0000,0x15050000)]
  0x14cd7400 JavaThread "Java2D Disposer" daemon [_thread_blocked, id=1140, stack(0x14e30000,0x14eb0000)]
  0x14c48800 JavaThread "JMI Unnamed Thread" [_thread_in_native, id=3272, stack(0x02e20000,0x03620000)]
  0x0506ac00 JavaThread "Low Memory Detector" daemon [_thread_blocked, id=3788, stack(0x143b0000,0x14430000)]
  0x05067c00 JavaThread "CompilerThread0" daemon [_thread_blocked, id=3404, stack(0x13bb0000,0x143b0000)]
  0x05063400 JavaThread "Attach Listener" daemon [_thread_blocked, id=3396, stack(0x13b30000,0x13bb0000)]
  0x05053400 JavaThread "Finalizer" daemon [_thread_blocked, id=3568, stack(0x13ab0000,0x13b30000)]
  0x0504e800 JavaThread "Reference Handler" daemon [_thread_blocked, id=3564, stack(0x13a30000,0x13ab0000)]
=>0x04e3e000 JavaThread "main" [_thread_in_native, id=1744, stack(0x00440000,0x00c40000)]

Other Threads:
  0x05049c00 VMThread [stack: 0x13230000,0x13a30000] [id=3216]
  0x05074800 WatcherThread [stack: 0x14430000,0x14c30000] [id=3096]

VM state:at safepoint (normal execution)

VM Mutex/Monitor currently owned by a thread:  ([mutex/lock_event])
[0x04e3cfc8] UNKNOWN - owner thread: 0x05049c00
[0x04e3d428] UNKNOWN - owner thread: 0x153a4800

Heap
 def new generation   total 29504K, used 29503K [0x07150000, 0x09150000, 0x09150000)
  eden space 26240K,  99% used [0x07150000, 0x08aeffc0, 0x08af0000)
  from space 3264K,  99% used [0x08af0000, 0x08e1ffb8, 0x08e20000)
  to   space 3264K,   0% used [0x08e20000, 0x08e20000, 0x09150000)
 tenured generation   total 98304K, used 98303K [0x09150000, 0x0f150000, 0x0f150000)
   the space 98304K,  99% used [0x09150000, 0x0f14fed0, 0x0f14fe00, 0x0f150000)
 compacting perm gen  total 32768K, used 32465K [0x0f150000, 0x11150000, 0x13150000)
   the space 32768K,  99% used [0x0f150000, 0x111046f0, 0x11104800, 0x11150000)
No shared spaces configured.

Dynamic libraries:
0x00400000 - 0x00433000 	C:\Program Files\MATLAB\R2009b\bin\win32\matlab.exe
0x7c900000 - 0x7c9b2000 	C:\WINDOWS\system32\ntdll.dll
0x7c800000 - 0x7c8f6000 	C:\WINDOWS\system32\kernel32.dll
0x7bae0000 - 0x7bb89000 	C:\Program Files\MATLAB\R2009b\bin\win32\libut.dll
0x76c90000 - 0x76cb8000 	C:\WINDOWS\system32\imagehlp.dll
0x77dd0000 - 0x77e6b000 	C:\WINDOWS\system32\ADVAPI32.dll
0x77e70000 - 0x77f03000 	C:\WINDOWS\system32\RPCRT4.dll
0x77fe0000 - 0x77ff1000 	C:\WINDOWS\system32\Secur32.dll
0x77c10000 - 0x77c68000 	C:\WINDOWS\system32\msvcrt.dll
0x76bf0000 - 0x76bfb000 	C:\WINDOWS\system32\PSAPI.DLL
0x7c1c0000 - 0x7c1df000 	C:\Program Files\MATLAB\R2009b\bin\win32\LIBEXPAT.dll
0x78130000 - 0x781cb000 	C:\WINDOWS\WinSxS\x86_Microsoft.VC80.CRT_1fc8b3b9a1e18e3b_8.0.50727.6195_x-ww_44262b86\MSVCR80.dll
0x7bf40000 - 0x7c028000 	C:\Program Files\MATLAB\R2009b\bin\win32\icuuc40.dll
0x7b5e0000 - 0x7b5e4000 	C:\Program Files\MATLAB\R2009b\bin\win32\icudt40.dll
0x7b5f0000 - 0x7b5fc000 	C:\Program Files\MATLAB\R2009b\bin\win32\icuio40.dll
0x7b830000 - 0x7b928000 	C:\Program Files\MATLAB\R2009b\bin\win32\icuin40.dll
0x7c420000 - 0x7c4a7000 	C:\WINDOWS\WinSxS\x86_Microsoft.VC80.CRT_1fc8b3b9a1e18e3b_8.0.50727.6195_x-ww_44262b86\MSVCP80.dll
0x7e410000 - 0x7e4a1000 	C:\WINDOWS\system32\USER32.dll
0x77f10000 - 0x77f59000 	C:\WINDOWS\system32\GDI32.dll
0x786f0000 - 0x78728000 	C:\Program Files\MATLAB\R2009b\bin\win32\libmwfl.dll
0x7d390000 - 0x7d39e000 	C:\Program Files\MATLAB\R2009b\bin\win32\boost_date_time-vc80-mt-1_36.dll
0x7d280000 - 0x7d290000 	C:\Program Files\MATLAB\R2009b\bin\win32\boost_signals-vc80-mt-1_36.dll
0x7c710000 - 0x7c717000 	C:\Program Files\MATLAB\R2009b\bin\win32\boost_system-vc80-mt-1_36.dll
0x7b5d0000 - 0x7b5dc000 	C:\Program Files\MATLAB\R2009b\bin\win32\boost_thread-vc80-mt-1_36.dll
0x7bc10000 - 0x7be19000 	C:\Program Files\MATLAB\R2009b\bin\win32\libmwservices.dll
0x7bb90000 - 0x7bc0b000 	C:\Program Files\MATLAB\R2009b\bin\win32\libmx.dll
0x78bc0000 - 0x78bd3000 	C:\Program Files\MATLAB\R2009b\bin\win32\zlib1.dll
0x7be20000 - 0x7bf34000 	C:\Program Files\MATLAB\R2009b\bin\win32\libmwmathutil.dll
0x79cf0000 - 0x79d25000 	C:\Program Files\MATLAB\R2009b\bin\win32\mpath.dll
0x7c2c0000 - 0x7c2f0000 	C:\Program Files\MATLAB\R2009b\bin\win32\mlutil.dll
0x786a0000 - 0x786ce000 	C:\Program Files\MATLAB\R2009b\bin\win32\tbb.dll
0x5d090000 - 0x5d12a000 	C:\WINDOWS\system32\COMCTL32.dll
0x763b0000 - 0x763f9000 	C:\WINDOWS\system32\comdlg32.dll
0x7c9c0000 - 0x7d1d7000 	C:\WINDOWS\system32\SHELL32.dll
0x77f60000 - 0x77fd6000 	C:\WINDOWS\system32\SHLWAPI.dll
0x5b860000 - 0x5b8b5000 	C:\WINDOWS\system32\NETAPI32.dll
0x71ab0000 - 0x71ac7000 	C:\WINDOWS\system32\WS2_32.dll
0x71aa0000 - 0x71aa8000 	C:\WINDOWS\system32\WS2HELP.dll
0x7d560000 - 0x7d576000 	C:\Program Files\MATLAB\R2009b\bin\win32\boost_filesystem-vc80-mt-1_36.dll
0x7a270000 - 0x7a2d0000 	C:\Program Files\MATLAB\R2009b\bin\win32\mcr.dll
0x7b600000 - 0x7b64f000 	C:\Program Files\MATLAB\R2009b\bin\win32\iqm.dll
0x7a850000 - 0x7ad3b000 	C:\Program Files\MATLAB\R2009b\bin\win32\m_interpreter.dll
0x7b660000 - 0x7b66c000 	C:\Program Files\MATLAB\R2009b\bin\win32\libmex.dll
0x7a140000 - 0x7a1a4000 	C:\Program Files\MATLAB\R2009b\bin\win32\m_dispatcher.dll
0x7d1e0000 - 0x7d23e000 	C:\Program Files\MATLAB\R2009b\bin\win32\xmlcore.dll
0x79600000 - 0x797c2000 	C:\Program Files\MATLAB\R2009b\bin\win32\xerces-c_2_7.dll
0x7d4b0000 - 0x7d54d000 	C:\Program Files\MATLAB\R2009b\bin\win32\boost_regex-vc80-mt-1_36.dll
0x7a050000 - 0x7a0a7000 	C:\Program Files\MATLAB\R2009b\bin\win32\profiler.dll
0x7b6c0000 - 0x7b6de000 	C:\Program Files\MATLAB\R2009b\bin\win32\libmwmathrng.dll
0x78b40000 - 0x78b52000 	C:\Program Files\MATLAB\R2009b\bin\win32\m_pcodeio.dll
0x79cb0000 - 0x79ce7000 	C:\Program Files\MATLAB\R2009b\bin\win32\m_ir.dll
0x7a350000 - 0x7a843000 	C:\Program Files\MATLAB\R2009b\bin\win32\m_parser.dll
0x7b650000 - 0x7b65e000 	C:\Program Files\MATLAB\R2009b\bin\win32\ir_xfmr.dll
0x78730000 - 0x78891000 	C:\Program Files\MATLAB\R2009b\bin\win32\mcos.dll
0x7b6f0000 - 0x7b6fa000 	C:\Program Files\MATLAB\R2009b\bin\win32\mtok.dll
0x78b20000 - 0x78b36000 	C:\Program Files\MATLAB\R2009b\bin\win32\m_pcodegen.dll
0x78a90000 - 0x78aac000 	C:\Program Files\MATLAB\R2009b\bin\win32\bridge.dll
0x7b2c0000 - 0x7b344000 	C:\Program Files\MATLAB\R2009b\bin\win32\udd.dll
0x7c030000 - 0x7c128000 	C:\Program Files\MATLAB\R2009b\bin\win32\libmwgui.dll
0x78c20000 - 0x79034000 	C:\Program Files\MATLAB\R2009b\bin\win32\hg.dll
0x78ab0000 - 0x78ad7000 	C:\Program Files\MATLAB\R2009b\bin\win32\libmat.dll
0x7b930000 - 0x7bad5000 	C:\Program Files\MATLAB\R2009b\bin\win32\libhdf5.dll
0x79c20000 - 0x79c61000 	C:\Program Files\MATLAB\R2009b\bin\win32\jmi.dll
0x79920000 - 0x7994c000 	C:\Program Files\MATLAB\R2009b\bin\win32\libmwhardcopy.dll
0x79c70000 - 0x79ca9000 	C:\Program Files\MATLAB\R2009b\bin\win32\libuij.dll
0x785d0000 - 0x7869f000 	C:\Program Files\MATLAB\R2009b\bin\win32\hgdatatypes.dll
0x785a0000 - 0x785d0000 	C:\Program Files\MATLAB\R2009b\bin\win32\hgutils.dll
0x78ae0000 - 0x78b11000 	C:\Program Files\MATLAB\R2009b\bin\win32\libmwlapack.dll
0x7b680000 - 0x7b68e000 	C:\Program Files\MATLAB\R2009b\bin\win32\libmwbinder.dll
0x7b350000 - 0x7b5c4000 	C:\Program Files\MATLAB\R2009b\bin\win32\uiw.dll
0x7b730000 - 0x7b739000 	C:\Program Files\MATLAB\R2009b\bin\win32\uinone.dll
0x781d0000 - 0x782e0000 	C:\WINDOWS\WinSxS\x86_Microsoft.VC80.MFC_1fc8b3b9a1e18e3b_8.0.50727.4053_x-ww_b77cec8e\MFC80.DLL
0x73000000 - 0x73026000 	C:\WINDOWS\system32\WINSPOOL.DRV
0x774e0000 - 0x7761e000 	C:\WINDOWS\system32\ole32.dll
0x77120000 - 0x771ab000 	C:\WINDOWS\system32\OLEAUT32.dll
0x7a2d0000 - 0x7a346000 	C:\Program Files\MATLAB\R2009b\bin\win32\udd_mi.dll
0x78b60000 - 0x78b73000 	C:\Program Files\MATLAB\R2009b\bin\win32\mwoles05.DLL
0x7a000000 - 0x7a045000 	C:\Program Files\MATLAB\R2009b\bin\win32\comcli.dll
0x7c630000 - 0x7c64b000 	C:\WINDOWS\WinSxS\x86_Microsoft.VC80.ATL_1fc8b3b9a1e18e3b_8.0.50727.4053_x-ww_473666fd\ATL80.DLL
0x7b6e0000 - 0x7b6eb000 	C:\Program Files\MATLAB\R2009b\bin\win32\mlautoregister.dll
0x76390000 - 0x763ad000 	C:\WINDOWS\system32\IMM32.DLL
0x773d0000 - 0x774d3000 	C:\WINDOWS\WinSxS\x86_Microsoft.Windows.Common-Controls_6595b64144ccf1df_6.0.2600.6028_x-ww_61e65202\comctl32.dll
0x5d360000 - 0x5d36e000 	C:\WINDOWS\WinSxS\x86_Microsoft.VC80.MFCLOC_1fc8b3b9a1e18e3b_8.0.50727.4053_x-ww_0ccc058c\MFC80ENU.DLL
0x5ad70000 - 0x5ada8000 	C:\WINDOWS\system32\uxtheme.dll
0x755c0000 - 0x755ee000 	C:\WINDOWS\system32\msctfime.ime
0x76d60000 - 0x76d79000 	C:\WINDOWS\system32\iphlpapi.dll
0x74290000 - 0x74294000 	C:\WINDOWS\system32\icmp.Dll
0x799c0000 - 0x79c16000 	C:\Program Files\MATLAB\R2009b\sys\java\jre\win32\jre\bin\client\jvm.dll
0x76b40000 - 0x76b6d000 	C:\WINDOWS\system32\WINMM.dll
0x7c1e0000 - 0x7c236000 	C:\Program Files\MATLAB\R2009b\bin\win32\MSVCR71.dll
0x59a60000 - 0x59b01000 	C:\WINDOWS\system32\DBGHELP.dll
0x77c00000 - 0x77c08000 	C:\WINDOWS\system32\VERSION.dll
0x7a100000 - 0x7a108000 	C:\Program Files\MATLAB\R2009b\sys\java\jre\win32\jre\bin\hpi.dll
0x7a120000 - 0x7a12c000 	C:\Program Files\MATLAB\R2009b\sys\java\jre\win32\jre\bin\verify.dll
0x78be0000 - 0x78bff000 	C:\Program Files\MATLAB\R2009b\sys\java\jre\win32\jre\bin\java.dll
0x7a130000 - 0x7a13f000 	C:\Program Files\MATLAB\R2009b\sys\java\jre\win32\jre\bin\zip.dll
0x797d0000 - 0x7991a000 	C:\Program Files\MATLAB\R2009b\sys\java\jre\win32\jre\bin\awt.dll
0x78b80000 - 0x78b98000 	C:\Program Files\MATLAB\R2009b\bin\win32\nativejava.dll
0x78ba0000 - 0x78bbf000 	C:\Program Files\MATLAB\R2009b\bin\win32\nativejmi.dll
0x7a1b0000 - 0x7a204000 	C:\Program Files\MATLAB\R2009b\sys\java\jre\win32\jre\bin\fontmanager.dll
0x7b720000 - 0x7b726000 	C:\Program Files\MATLAB\R2009b\bin\win32\nativeservices.dll
0x78c00000 - 0x78c13000 	C:\Program Files\MATLAB\R2009b\sys\java\jre\win32\jre\bin\net.dll
0x7a110000 - 0x7a119000 	C:\Program Files\MATLAB\R2009b\sys\java\jre\win32\jre\bin\nio.dll
0x68000000 - 0x68036000 	C:\WINDOWS\system32\rsaenh.dll
0x769c0000 - 0x76a74000 	C:\WINDOWS\system32\USERENV.dll
0x71a50000 - 0x71a8f000 	C:\WINDOWS\System32\mswsock.dll
0x76f20000 - 0x76f47000 	C:\WINDOWS\system32\DNSAPI.dll
0x76fb0000 - 0x76fb8000 	C:\WINDOWS\System32\winrnr.dll
0x76f60000 - 0x76f8c000 	C:\WINDOWS\system32\WLDAP32.dll
0x63560000 - 0x63568000 	C:\Program Files\National Instruments\Shared\mDNS Responder\nimdnsNSP.dll
0x63550000 - 0x63559000 	C:\WINDOWS\system32\nimdnsResponder.dll
0x15600000 - 0x156a3000 	C:\WINDOWS\WinSxS\x86_Microsoft.VC90.CRT_1fc8b3b9a1e18e3b_9.0.30729.4148_x-ww_d495ac4e\MSVCR90.dll
0x76fc0000 - 0x76fc6000 	C:\WINDOWS\system32\rasadhlp.dll
0x78300000 - 0x78308000 	C:\Program Files\MATLAB\R2009b\bin\win32\nativelmgr.dll
0x15590000 - 0x155b4000 	C:\Program Files\MATLAB\R2009b\sys\java\jre\win32\jre\bin\jpeg.dll
0x78310000 - 0x784a1000 	C:\Program Files\MATLAB\R2009b\bin\win32\instutil.dll
0x77b40000 - 0x77b62000 	C:\WINDOWS\system32\appHelp.dll
0x76fd0000 - 0x7704f000 	C:\WINDOWS\system32\CLBCATQ.DLL
0x77050000 - 0x77115000 	C:\WINDOWS\system32\COMRes.dll
0x16300000 - 0x16312000 	C:\Program Files\Common Files\TortoiseOverlays\TortoiseOverlays.dll
0x16330000 - 0x1633d000 	C:\Program Files\TortoiseSVN\bin\TortoiseStub32.dll
0x16360000 - 0x163cc000 	C:\Program Files\TortoiseSVN\bin\TortoiseSVN32.dll
0x3d930000 - 0x3da16000 	C:\WINDOWS\system32\WININET.dll
0x163e0000 - 0x163e9000 	C:\WINDOWS\system32\Normaliz.dll
0x163f0000 - 0x16523000 	C:\WINDOWS\system32\urlmon.dll
0x3dfd0000 - 0x3e1bc000 	C:\WINDOWS\system32\iertutil.dll
0x16530000 - 0x1680e000 	C:\Program Files\TortoiseSVN\bin\libsvn_tsvn32.dll
0x6eec0000 - 0x6eee4000 	C:\Program Files\TortoiseSVN\bin\libapr_tsvn32.dll

VM Arguments:
jvm_args: -Xss512k -XX:PermSize=32m -Xms64m -XX:NewRatio=3 -XX:MaxPermSize=64m -Xmx128m -XX:MaxDirectMemorySize=1200000000 -Dsun.java2d.noddraw=true -Dsun.awt.nopixfmt=true -Xshare:off -Xrs -Djava.library.path=C:\Program Files\MATLAB\R2009b\bin\win32 vfprintf abort 
java_command: <unknown>
Launcher Type: generic

Environment Variables:
CLASSPATH=.;C:\Program Files\Java\jre6\lib\ext\QTJava.zip
PATH=.;C:\Program Files\Novint\Falcon\HDAL\bin;C:\WINDOWS\system32;C:\WINDOWS;C:\WINDOWS\System32\Wbem;C:\Program Files\SlikSvn\bin\;C:\Program Files\MATLAB\R2009b\bin;C:\WINDOWS\system32\WindowsPowerShell\v1.0;C:\Program Files\TortoiseSVN\bin;C:\Panda3D-1.7.2\python;C:\Panda3D-1.7.2\bin;C:\Program Files\QuickTime\QTSystem\
USERNAME=danli
OS=Windows_NT
PROCESSOR_IDENTIFIER=x86 Family 15 Model 4 Stepping 7, GenuineIntel



---------------  S Y S T E M  ---------------

OS: Windows XP Build 2600 Service Pack 3

CPU:total 2 (2 cores per cpu, 1 threads per core) family 15 model 4 stepping 7, cmov, cx8, fxsr, mmx, sse, sse2, sse3

Memory: 4k page, physical 1038404k(87752k free), swap 2499712k(1640764k free)

vm_info: Java HotSpot(TM) Client VM (11.2-b01) for windows-x86 JRE (1.6.0_12-b04), built on Jan 17 2009 09:57:14 by "java_re" with MS VC++ 7.1

time: Thu Feb 28 17:46:44 2013
elapsed time: 761 seconds

